/home/daniel/ros2_sim/install/my_tb3_sim/lib/python3.10/site-packages/my_tb3_sim/log_results.py
/home/daniel/ros2_sim/install/my_tb3_sim/lib/python3.10/site-packages/my_tb3_sim/obstacle_info_marker.py
/home/daniel/ros2_sim/install/my_tb3_sim/lib/python3.10/site-packages/my_tb3_sim/reaction_logger.py
/home/daniel/ros2_sim/install/my_tb3_sim/lib/python3.10/site-packages/my_tb3_sim/__init__.py
/home/daniel/ros2_sim/install/my_tb3_sim/lib/python3.10/site-packages/my_tb3_sim/obstacle_info_publisher.py
/home/daniel/ros2_sim/install/my_tb3_sim/lib/python3.10/site-packages/my_tb3_sim/__pycache__/log_results.cpython-310.pyc
/home/daniel/ros2_sim/install/my_tb3_sim/lib/python3.10/site-packages/my_tb3_sim/__pycache__/obstacle_info_marker.cpython-310.pyc
/home/daniel/ros2_sim/install/my_tb3_sim/lib/python3.10/site-packages/my_tb3_sim/__pycache__/reaction_logger.cpython-310.pyc
/home/daniel/ros2_sim/install/my_tb3_sim/lib/python3.10/site-packages/my_tb3_sim/__pycache__/__init__.cpython-310.pyc
/home/daniel/ros2_sim/install/my_tb3_sim/lib/python3.10/site-packages/my_tb3_sim/__pycache__/obstacle_info_publisher.cpython-310.pyc
/home/daniel/ros2_sim/install/my_tb3_sim/share/ament_index/resource_index/packages/my_tb3_sim
/home/daniel/ros2_sim/install/my_tb3_sim/share/my_tb3_sim/package.xml
/home/daniel/ros2_sim/install/my_tb3_sim/share/my_tb3_sim/launch/tb3_1_system.launch.py
/home/daniel/ros2_sim/install/my_tb3_sim/share/my_tb3_sim/launch/run_experiment.launch.py
/home/daniel/ros2_sim/install/my_tb3_sim/share/my_tb3_sim/launch/tb3_2_system.launch.py
/home/daniel/ros2_sim/install/my_tb3_sim/share/my_tb3_sim/config/nav2_params_tb3_2.yaml
/home/daniel/ros2_sim/install/my_tb3_sim/share/my_tb3_sim/config/nav2_params_tb3_1.yaml
/home/daniel/ros2_sim/install/my_tb3_sim/share/my_tb3_sim/config/qos_profiles.yaml
/home/daniel/ros2_sim/install/my_tb3_sim/share/my_tb3_sim/urdf/tb3_minimal.urdf.xacro
/home/daniel/ros2_sim/install/my_tb3_sim/share/my_tb3_sim/worlds/simple_lab.world
/home/daniel/ros2_sim/install/my_tb3_sim/lib/python3.10/site-packages/my_tb3_sim-0.1.0-py3.10.egg-info/not-zip-safe
/home/daniel/ros2_sim/install/my_tb3_sim/lib/python3.10/site-packages/my_tb3_sim-0.1.0-py3.10.egg-info/SOURCES.txt
/home/daniel/ros2_sim/install/my_tb3_sim/lib/python3.10/site-packages/my_tb3_sim-0.1.0-py3.10.egg-info/top_level.txt
/home/daniel/ros2_sim/install/my_tb3_sim/lib/python3.10/site-packages/my_tb3_sim-0.1.0-py3.10.egg-info/entry_points.txt
/home/daniel/ros2_sim/install/my_tb3_sim/lib/python3.10/site-packages/my_tb3_sim-0.1.0-py3.10.egg-info/requires.txt
/home/daniel/ros2_sim/install/my_tb3_sim/lib/python3.10/site-packages/my_tb3_sim-0.1.0-py3.10.egg-info/dependency_links.txt
/home/daniel/ros2_sim/install/my_tb3_sim/lib/python3.10/site-packages/my_tb3_sim-0.1.0-py3.10.egg-info/PKG-INFO
/home/daniel/ros2_sim/install/my_tb3_sim/lib/my_tb3_sim/log_results
/home/daniel/ros2_sim/install/my_tb3_sim/lib/my_tb3_sim/obstacle_info_marker
/home/daniel/ros2_sim/install/my_tb3_sim/lib/my_tb3_sim/obstacle_info_publisher
/home/daniel/ros2_sim/install/my_tb3_sim/lib/my_tb3_sim/reaction_logger
